valve.png:
  compute_energy: 0.0539 s ± 0.0003 s
  compute_cumulative: 0.0355 s ± 0.0000 s
  find_seam: 0.0005 s ± 0.0000 s
  remove_seam: 0.0042 s ± 0.0000 s
  full: 0.0945 s ± 0.0003 s
test_images/720x480.png:
  compute_energy: 0.0693 s ± 0.0001 s
  compute_cumulative: 0.0462 s ± 0.0001 s
  find_seam: 0.0003 s ± 0.0000 s
  remove_seam: 0.0094 s ± 0.0002 s
  full: 0.1255 s ± 0.0002 s
test_images/1024x768.png:
  compute_energy: 0.1619 s ± 0.0004 s
  compute_cumulative: 0.1077 s ± 0.0004 s
  find_seam: 0.0011 s ± 0.0000 s
  remove_seam: 0.0149 s ± 0.0002 s
  full: 0.2859 s ± 0.0007 s
test_images/1920x1200.png:
  compute_energy: 0.4869 s ± 0.0010 s
  compute_cumulative: 0.3215 s ± 0.0002 s
  find_seam: 0.0010 s ± 0.0000 s
  remove_seam: 0.0728 s ± 0.0004 s
  full: 0.8827 s ± 0.0008 s
test_images/3840x2160.png:
  compute_energy: 1.7992 s ± 0.0016 s
  compute_cumulative: 1.1776 s ± 0.0002 s
  find_seam: 0.0057 s ± 0.0000 s
  remove_seam: 0.3107 s ± 0.0012 s
  full: 3.2945 s ± 0.0019 s
test_images/7680x4320.png:
  compute_energy: 7.2103 s ± 0.0130 s
  compute_cumulative: 4.7418 s ± 0.0030 s
  find_seam: 0.0155 s ± 0.0001 s
  remove_seam: 1.0254 s ± 0.0077 s
  full: 12.9947 s ± 0.0167 s
