test_images/valve.png:
  compute_energy: 0.0124 s ± 0.0001 s
  compute_cumulative: 0.1670 s ± 0.0009 s
  find_seam: 0.0020 s ± 0.0000 s
  remove_1seam: 0.0021 s ± 0.0000 s
  full: 0.1837 s ± 0.0010 s
test_images/tower.png:
  compute_energy: 0.0482 s ± 0.0003 s
  compute_cumulative: 0.3814 s ± 0.0044 s
  find_seam: 0.0053 s ± 0.0000 s
  remove_1seam: 0.0020 s ± 0.0000 s
  full: 0.4372 s ± 0.0043 s
test_images/720x480.png:
  compute_energy: 0.0147 s ± 0.0001 s
  compute_cumulative: 0.1831 s ± 0.0007 s
  find_seam: 0.0013 s ± 0.0000 s
  remove_1seam: 0.0021 s ± 0.0000 s
  full: 0.2015 s ± 0.0008 s
test_images/1024x768.png:
  compute_energy: 0.0278 s ± 0.0024 s
  compute_cumulative: 0.2826 s ± 0.0025 s
  find_seam: 0.0038 s ± 0.0001 s
  remove_1seam: 0.0025 s ± 0.0001 s
  full: 0.3170 s ± 0.0035 s
test_images/1920x1200.png:
  compute_energy: 0.0743 s ± 0.0003 s
  compute_cumulative: 0.5167 s ± 0.0037 s
  find_seam: 0.0049 s ± 0.0000 s
  remove_1seam: 0.0023 s ± 0.0000 s
  full: 0.5985 s ± 0.0037 s
test_images/3840x2160.png:
  compute_energy: 0.2722 s ± 0.0091 s
  compute_cumulative: 1.0930 s ± 0.0087 s
  find_seam: 0.0098 s ± 0.0007 s
  remove_1seam: 0.0073 s ± 0.0001 s
  full: 1.3828 s ± 0.0154 s
test_images/7680x4320.png:
  compute_energy: 1.1230 s ± 0.0041 s
  compute_cumulative: 2.4701 s ± 0.0568 s
  find_seam: 0.0276 s ± 0.0038 s
  remove_1seam: 0.1530 s ± 0.0060 s
  full: 3.7748 s ± 0.0602 s
