test_images/valve.png:
  compute_energy: 0.4726 s ± 0.0009 s
  compute_cumulative: 0.0559 s ± 0.0006 s
  find_seam: 0.0005 s ± 0.0000 s
  remove_1seam: 0.0016 s ± 0.0000 s
  full: 0.5309 s ± 0.0008 s
test_images/tower.png:
  compute_energy: 2.6025 s ± 0.0043 s
  compute_cumulative: 0.2473 s ± 0.0004 s
  find_seam: 0.0013 s ± 0.0000 s
  remove_1seam: 0.0023 s ± 0.0001 s
  full: 2.8537 s ± 0.0045 s
test_images/720x480.png:
  compute_energy: 0.6197 s ± 0.0015 s
  compute_cumulative: 0.0678 s ± 0.0001 s
  find_seam: 0.0003 s ± 0.0000 s
  remove_1seam: 0.0019 s ± 0.0000 s
  full: 0.6899 s ± 0.0015 s
test_images/1024x768.png:
  compute_energy: 1.4419 s ± 0.0019 s
  compute_cumulative: 0.1458 s ± 0.0004 s
  find_seam: 0.0010 s ± 0.0000 s
  remove_1seam: 0.0041 s ± 0.0000 s
  full: 1.5931 s ± 0.0019 s
test_images/1920x1200.png:
  compute_energy: 4.3537 s ± 0.0039 s
  compute_cumulative: 0.4180 s ± 0.0006 s
  find_seam: 0.0020 s ± 0.0000 s
  remove_1seam: 0.0191 s ± 0.0002 s
  full: 4.7933 s ± 0.0042 s
test_images/3840x2160.png:
  compute_energy: 15.9557 s ± 0.0180 s
  compute_cumulative: 1.4382 s ± 0.0013 s
  find_seam: 0.0089 s ± 0.0000 s
  remove_1seam: 0.2026 s ± 0.0011 s
  full: 17.6070 s ± 0.0174 s
test_images/7680x4320.png:
  compute_energy: 64.1784 s ± 0.0208 s
  compute_cumulative: 5.5031 s ± 0.0024 s
  find_seam: 0.0176 s ± 0.0000 s
  remove_1seam: 0.4489 s ± 0.0016 s
  full: 70.1497 s ± 0.0203 s
