test_images/valve.png:
  compute_energy: 0.2375 s ± 0.0003 s
  compute_cumulative: 0.0437 s ± 0.0008 s
  find_seam: 0.0005 s ± 0.0000 s
  remove_1seam: 0.0012 s ± 0.0000 s
  full: 0.2832 s ± 0.0008 s
test_images/tower.png:
  compute_energy: 1.3018 s ± 0.0009 s
  compute_cumulative: 0.1552 s ± 0.0011 s
  find_seam: 0.0014 s ± 0.0000 s
  remove_1seam: 0.0018 s ± 0.0002 s
  full: 1.4606 s ± 0.0014 s
test_images/720x480.png:
  compute_energy: 0.3108 s ± 0.0004 s
  compute_cumulative: 0.0503 s ± 0.0002 s
  find_seam: 0.0003 s ± 0.0000 s
  remove_1seam: 0.0014 s ± 0.0000 s
  full: 0.3631 s ± 0.0004 s
test_images/1024x768.png:
  compute_energy: 0.7176 s ± 0.0014 s
  compute_cumulative: 0.0990 s ± 0.0001 s
  find_seam: 0.0010 s ± 0.0000 s
  remove_1seam: 0.0031 s ± 0.0000 s
  full: 0.8211 s ± 0.0014 s
test_images/1920x1200.png:
  compute_energy: 2.1730 s ± 0.0012 s
  compute_cumulative: 0.2523 s ± 0.0010 s
  find_seam: 0.0021 s ± 0.0000 s
  remove_1seam: 0.0143 s ± 0.0001 s
  full: 2.4425 s ± 0.0014 s
test_images/3840x2160.png:
  compute_energy: 7.9638 s ± 0.0090 s
  compute_cumulative: 0.8099 s ± 0.0021 s
  find_seam: 0.0091 s ± 0.0000 s
  remove_1seam: 0.1601 s ± 0.0005 s
  full: 8.9448 s ± 0.0096 s
test_images/7680x4320.png:
  compute_energy: 32.0650 s ± 0.0297 s
  compute_cumulative: 2.9945 s ± 0.0307 s
  find_seam: 0.0186 s ± 0.0003 s
  remove_1seam: 0.3464 s ± 0.0104 s
  full: 35.4264 s ± 0.0425 s
