test_images/valve.png:
  compute_energy: 0.0813 s ± 0.0004 s
  compute_cumulative: 0.0679 s ± 0.0006 s
  find_seam: 0.0007 s ± 0.0000 s
  remove_1seam: 0.0009 s ± 0.0000 s
  full: 0.1511 s ± 0.0005 s
test_images/tower.png:
  compute_energy: 0.4395 s ± 0.0007 s
  compute_cumulative: 0.1900 s ± 0.0011 s
  find_seam: 0.0039 s ± 0.0000 s
  remove_1seam: 0.0010 s ± 0.0000 s
  full: 0.6348 s ± 0.0014 s
test_images/720x480.png:
  compute_energy: 0.1055 s ± 0.0002 s
  compute_cumulative: 0.0767 s ± 0.0001 s
  find_seam: 0.0005 s ± 0.0000 s
  remove_1seam: 0.0012 s ± 0.0000 s
  full: 0.1841 s ± 0.0001 s
test_images/1024x768.png:
  compute_energy: 0.2418 s ± 0.0006 s
  compute_cumulative: 0.1373 s ± 0.0009 s
  find_seam: 0.0023 s ± 0.0000 s
  remove_1seam: 0.0023 s ± 0.0000 s
  full: 0.3840 s ± 0.0011 s
test_images/1920x1200.png:
  compute_energy: 0.7308 s ± 0.0012 s
  compute_cumulative: 0.2824 s ± 0.0006 s
  find_seam: 0.0033 s ± 0.0000 s
  remove_1seam: 0.0033 s ± 0.0001 s
  full: 1.0204 s ± 0.0013 s
test_images/3840x2160.png:
  compute_energy: 2.6836 s ± 0.0028 s
  compute_cumulative: 0.6775 s ± 0.0027 s
  find_seam: 0.0098 s ± 0.0002 s
  remove_1seam: 0.1263 s ± 0.0008 s
  full: 3.4989 s ± 0.0033 s
test_images/7680x4320.png:
  compute_energy: 10.7725 s ± 0.0103 s
  compute_cumulative: 1.9897 s ± 0.0058 s
  find_seam: 0.0195 s ± 0.0000 s
  remove_1seam: 0.3132 s ± 0.0004 s
  full: 13.0965 s ± 0.0126 s
