1000:
  first_update: 0.0170 s ± 0.0029 s
  force: 0.0000 s ± 0.0000 s
  pe: 0.0186 s ± 0.0032 s
  second_update: 0.0170 s ± 0.0029 s
  ke: 0.0175 s ± 0.0028 s
  full: 0.3220 s ± 0.0363 s
2000:
  first_update: 0.0147 s ± 0.0001 s
  force: 0.0000 s ± 0.0000 s
  pe: 0.0159 s ± 0.0001 s
  second_update: 0.0148 s ± 0.0001 s
  ke: 0.0151 s ± 0.0001 s
  full: 0.5708 s ± 0.0021 s
4000:
  first_update: 0.0147 s ± 0.0001 s
  force: 0.0000 s ± 0.0000 s
  pe: 0.0160 s ± 0.0001 s
  second_update: 0.0148 s ± 0.0001 s
  ke: 0.0152 s ± 0.0001 s
  full: 1.6094 s ± 0.0035 s
8000:
  first_update: 0.0147 s ± 0.0001 s
  force: 0.0000 s ± 0.0000 s
  pe: 0.0160 s ± 0.0001 s
  second_update: 0.0150 s ± 0.0001 s
  ke: 0.0152 s ± 0.0001 s
  full: 5.8997 s ± 0.0131 s
