nvcc -DGENERATE_GIF -Wno-deprecated-gpu-targets -gencode=arch=compute_70,code=sm_70 -O3 -Xcompiler --openmp,-march=native ./src/lj_gpu.cu -o lj_gpu -lm
--- blessed/2000_5000/result.txt
+++ out/2000_5000/result.txt
@@ -1,3 +1,3 @@
-Final KE:  2007.2494 | delta: +1007.2494
-Final PE: -3217.0821 | delta: -1007.3599
-Final E:  -1209.8328 | delta: -0.1105
+Final KE:  2011.8269 | delta: +1011.8269
+Final PE: -3221.6577 | delta: -1011.9354
+Final E:  -1209.8308 | delta: -0.1086
--- blessed/8000_5000/result.txt
+++ out/8000_5000/result.txt
@@ -1,3 +1,3 @@
-Final KE:  9682.3070 | delta: +5682.3070
-Final PE: -14707.0866 | delta: -5682.6034
-Final E:  -5024.7795 | delta: -0.2964
+Final KE:  9675.2113 | delta: +5675.2113
+Final PE: -14699.9773 | delta: -5675.4941
+Final E:  -5024.7660 | delta: -0.2828
100_100 is OK
--- blessed/1000_5000/result.txt
+++ out/1000_5000/result.txt
@@ -1,3 +1,3 @@
-Final KE:   741.8011 | delta: +241.8011
-Final PE: -1616.4921 | delta: -241.7984
-Final E:   -874.6910 | delta: +0.0028
+Final KE:   742.7100 | delta: +242.7100
+Final PE: -1617.4014 | delta: -242.7076
+Final E:   -874.6914 | delta: +0.0023
--- blessed/4000_5000/result.txt
+++ out/4000_5000/result.txt
@@ -1,3 +1,3 @@
-Final KE:  5094.7852 | delta: +3094.7852
-Final PE: -6635.4438 | delta: -3095.0374
-Final E:  -1540.6586 | delta: -0.2522
+Final KE:  5091.6519 | delta: +3091.6519
+Final PE: -6632.3282 | delta: -3091.9219
+Final E:  -1540.6764 | delta: -0.2700
