1000:
  first_update: 0.0163 s ± 0.0026 s
  force: 0.0000 s ± 0.0000 s
  pe: 0.0178 s ± 0.0029 s
  second_update: 0.0163 s ± 0.0027 s
  ke: 0.0168 s ± 0.0025 s
  full: 0.3158 s ± 0.0348 s
2000:
  first_update: 0.0146 s ± 0.0001 s
  force: 0.0000 s ± 0.0000 s
  pe: 0.0159 s ± 0.0001 s
  second_update: 0.0147 s ± 0.0001 s
  ke: 0.0151 s ± 0.0001 s
  full: 0.5792 s ± 0.0011 s
4000:
  first_update: 0.0146 s ± 0.0001 s
  force: 0.0000 s ± 0.0000 s
  pe: 0.0159 s ± 0.0001 s
  second_update: 0.0147 s ± 0.0002 s
  ke: 0.0152 s ± 0.0001 s
  full: 1.6055 s ± 0.0005 s
8000:
  first_update: 0.0147 s ± 0.0001 s
  force: 0.0000 s ± 0.0000 s
  pe: 0.0159 s ± 0.0001 s
  second_update: 0.0150 s ± 0.0002 s
  ke: 0.0152 s ± 0.0001 s
  full: 5.9038 s ± 0.0091 s
