1000:
  first_update: 0.0159 s ± 0.0024 s
  force: 0.0000 s ± 0.0000 s
  pe: 0.0173 s ± 0.0027 s
  second_update: 0.0160 s ± 0.0024 s
  ke: 0.0164 s ± 0.0023 s
  full: 0.3935 s ± 0.0367 s
2000:
  first_update: 0.0146 s ± 0.0001 s
  force: 0.0000 s ± 0.0000 s
  pe: 0.0159 s ± 0.0001 s
  second_update: 0.0148 s ± 0.0001 s
  ke: 0.0151 s ± 0.0002 s
  full: 0.8654 s ± 0.0038 s
4000:
  first_update: 0.0147 s ± 0.0000 s
  force: 0.0000 s ± 0.0000 s
  pe: 0.0159 s ± 0.0001 s
  second_update: 0.0148 s ± 0.0001 s
  ke: 0.0151 s ± 0.0001 s
  full: 2.7329 s ± 0.0028 s
8000:
  first_update: 0.0147 s ± 0.0001 s
  force: 0.0000 s ± 0.0000 s
  pe: 0.0160 s ± 0.0001 s
  second_update: 0.0151 s ± 0.0001 s
  ke: 0.0152 s ± 0.0001 s
  full: 10.1690 s ± 0.0015 s
