nvcc -DGENERATE_GIF -Wno-deprecated-gpu-targets -gencode=arch=compute_70,code=sm_70 -O3 -Xcompiler --openmp,-march=native ./src/lj_gpu.cu -o lj_gpu -lm
./src/lj_gpu.cu(129): warning #550-D: variable "g_n" was set but never used
  static unsigned int g_n = 0;
                      ^

Remark: The warnings can be suppressed with "-diag-suppress <warning-number>"

--- blessed/2000_5000/result.txt
+++ out/2000_5000/result.txt
@@ -1,3 +1,3 @@
-Final KE:  2007.2494 | delta: +1007.2494
-Final PE: -3217.0821 | delta: -1007.3599
-Final E:  -1209.8328 | delta: -0.1105
+Final KE:  2009.4601 | delta: +1009.4601
+Final PE: -3219.3028 | delta: -1009.5806
+Final E:  -1209.8427 | delta: -0.1205
--- blessed/8000_5000/result.txt
+++ out/8000_5000/result.txt
@@ -1,3 +1,3 @@
-Final KE:  9682.3070 | delta: +5682.3070
-Final PE: -14707.0866 | delta: -5682.6034
-Final E:  -5024.7795 | delta: -0.2964
+Final KE:  9668.5107 | delta: +5668.5107
+Final PE: -14693.3032 | delta: -5668.8201
+Final E:  -5024.7925 | delta: -0.3093
100_100 is OK
--- blessed/1000_5000/result.txt
+++ out/1000_5000/result.txt
@@ -1,3 +1,3 @@
-Final KE:   741.8011 | delta: +241.8011
-Final PE: -1616.4921 | delta: -241.7984
-Final E:   -874.6910 | delta: +0.0028
+Final KE:   742.4856 | delta: +242.4856
+Final PE: -1617.1752 | delta: -242.4815
+Final E:   -874.6896 | delta: +0.0042
--- blessed/4000_5000/result.txt
+++ out/4000_5000/result.txt
@@ -1,3 +1,3 @@
-Final KE:  5094.7852 | delta: +3094.7852
-Final PE: -6635.4438 | delta: -3095.0374
-Final E:  -1540.6586 | delta: -0.2522
+Final KE:  5087.3893 | delta: +3087.3893
+Final PE: -6628.0600 | delta: -3087.6536
+Final E:  -1540.6706 | delta: -0.2643
