nvcc -Wno-deprecated-gpu-targets -gencode=arch=compute_70,code=sm_70 -O3 -Xcompiler --openmp,-march=native,-Wall -c -o lennard-jones.o src/lennard-jones.cu
nvcc -Wno-deprecated-gpu-targets -gencode=arch=compute_70,code=sm_70 -O3 -Xcompiler --openmp,-march=native,-Wall lennard-jones.o main.o -o lj.out -lm
--- blessed/2000_5000/result.txt
+++ out/2000_5000/result.txt
@@ -1,3 +1,3 @@
-Final KE:  2944.8059 | delta: +1944.8059
-Final PE: -5448.8807 | delta: -1945.5813
-Final E:  -2504.0748 | delta: -0.7754
+Final KE:  3035.1514 | delta: +2035.1514
+Final PE: -5539.2222 | delta: -2035.9228
+Final E:  -2504.0708 | delta: -0.7714
--- blessed/8000_5000/result.txt
+++ out/8000_5000/result.txt
@@ -1,3 +1,3 @@
-Final KE:  8176.6135 | delta: +4176.6135
-Final PE: -34827.1040 | delta: -4177.0483
-Final E:  -26650.4905 | delta: -0.4348
+Final KE:  8251.1032 | delta: +4251.1032
+Final PE: -34901.6123 | delta: -4251.5566
+Final E:  -26650.5090 | delta: -0.4534
100_100 is OK
1000_100 is OK
--- blessed/1000_5000/result.txt
+++ out/1000_5000/result.txt
@@ -1,3 +1,3 @@
-Final KE:   907.8081 | delta: +407.8081
-Final PE: -4233.2542 | delta: -407.8555
-Final E:  -3325.4461 | delta: -0.0474
+Final KE:   915.0550 | delta: +415.0550
+Final PE: -4240.4926 | delta: -415.0938
+Final E:  -3325.4375 | delta: -0.0388
--- blessed/4000_5000/result.txt
+++ out/4000_5000/result.txt
@@ -1,3 +1,3 @@
-Final KE:  3938.7139 | delta: +1938.7139
-Final PE: -17579.9638 | delta: -1938.8675
-Final E:  -13641.2499 | delta: -0.1536
+Final KE:  3992.7983 | delta: +1992.7983
+Final PE: -17634.1208 | delta: -1993.0246
+Final E:  -13641.3225 | delta: -0.2262
