nvcc -Wno-deprecated-gpu-targets -gencode=arch=compute_70,code=sm_70 -O3 -Xcompiler --openmp,-march=native,-Wall -c -o lennard-jones.o src/lennard-jones.cu
nvcc -Wno-deprecated-gpu-targets -gencode=arch=compute_70,code=sm_70 -O3 -Xcompiler --openmp,-march=native,-Wall lennard-jones.o main.o -o lj.out -lm
--- blessed/2000_5000/result.txt
+++ out/2000_5000/result.txt
@@ -1,3 +1,3 @@
-Final KE:  2944.8059 | delta: +1944.8059
-Final PE: -5448.8807 | delta: -1945.5813
-Final E:  -2504.0748 | delta: -0.7754
+Final KE:  3011.6246 | delta: +2011.6246
+Final PE: -5515.7108 | delta: -2012.4114
+Final E:  -2504.0862 | delta: -0.7868
--- blessed/8000_5000/result.txt
+++ out/8000_5000/result.txt
@@ -1,3 +1,3 @@
-Final KE:  8176.6135 | delta: +4176.6135
-Final PE: -34827.1040 | delta: -4177.0483
-Final E:  -26650.4905 | delta: -0.4348
+Final KE:  8201.9663 | delta: +4201.9663
+Final PE: -34852.4676 | delta: -4202.4120
+Final E:  -26650.5013 | delta: -0.4457
100_100 is OK
1000_100 is OK
--- blessed/1000_5000/result.txt
+++ out/1000_5000/result.txt
@@ -1,3 +1,3 @@
-Final KE:   907.8081 | delta: +407.8081
-Final PE: -4233.2542 | delta: -407.8555
-Final E:  -3325.4461 | delta: -0.0474
+Final KE:   914.1003 | delta: +414.1003
+Final PE: -4239.5424 | delta: -414.1437
+Final E:  -3325.4422 | delta: -0.0434
--- blessed/4000_5000/result.txt
+++ out/4000_5000/result.txt
@@ -1,3 +1,3 @@
-Final KE:  3938.7139 | delta: +1938.7139
-Final PE: -17579.9638 | delta: -1938.8675
-Final E:  -13641.2499 | delta: -0.1536
+Final KE:  3969.7559 | delta: +1969.7559
+Final PE: -17611.0827 | delta: -1969.9865
+Final E:  -13641.3268 | delta: -0.2306
